Arguments: 
  /usr/local/bin/node /usr/local/Cellar/yarn/1.15.2/libexec/bin/yarn.js

PATH: 
  /usr/local/bin:/usr/bin:/bin:/usr/sbin:/sbin

Yarn version: 
  1.15.2

Node version: 
  12.4.0

Platform: 
  darwin x64

Trace: 
  Error: connect ECONNREFUSED 104.16.17.35:443
      at TCPConnectWrap.afterConnect [as oncomplete] (net.js:1054:14)

npm manifest: 
  {
    "name": "loancalculator",
    "version": "8.2.0",
    "private": false,
    "devDependencies": {
      "babel-eslint": "10.0.1",
      "eslint": "5.16.0",
      "eslint-plugin-flowtype": "3.9.1",
      "eslint-plugin-import": "2.17.3",
      "eslint-plugin-jsx-a11y": "6.2.1",
      "eslint-plugin-prettier": "3.1.0",
      "eslint-plugin-react": "7.13.0",
      "eslint-plugin-react-native": "3.7.0",
      "flow-bin": "0.100.0",
      "flow-typed": "2.5.2",
      "husky": "2.4.0",
      "jest": "24.8.0",
      "jest-expo": "33.0.2",
      "prettier": "1.18.2",
      "react-native-scripts": "2.0.1",
      "react-test-renderer": "16.8.6"
    },
    "main": "./node_modules/react-native-scripts/build/bin/crna-entry.js",
    "scripts": {
      "postinstall": "remotedev-debugger",
      "start": "react-native-scripts start",
      "eject": "react-native-scripts eject",
      "android": "react-native-scripts android",
      "ios": "react-native-scripts ios",
      "test": "jest && flow && eslint ."
    },
    "jest": {
      "preset": "jest-expo",
      "transformIgnorePatterns": [
        "node_modules/(?!(react-native|lottie-react-native|expo|react-native-maps|react-native-svg|react-native-branch|native-base-shoutem-theme|react-native-easy-grid|react-native-drawer|react-native-vector-icons|react-native-keyboard-aware-scroll-view|react-native-swiper|react-navigation|native-base|@expo|react-native-scrollable-tab-view|react-native-simple-modal|react-native-iphone-x-helper)/)"
      ]
    },
    "dependencies": {
      "@expo/vector-icons": "^10.0.2",
      "babel-preset-expo": "^5.1.1",
      "color": "3.1.2",
      "expo": "^33.0.3",
      "jest-cli": "24.8.0",
      "lodash": "4.17.11",
      "moment": "2.24.0",
      "native-base": "2.12.1",
      "react": "16.8.6",
      "react-native": "https://github.com/expo/react-native/archive/sdk-33.0.0.tar.gz",
      "react-native-calendars": "1.185.0",
      "react-native-carousel-view": "^0.5.1",
      "react-native-easy-grid": "0.2.1",
      "react-native-modalbox": "1.7.1",
      "react-native-shadow": "^1.2.2",
      "react-navigation": "^3.11.0",
      "react-persist": "^1.0.2",
      "react-redux": "7.0.3",
      "redux": "4.0.1",
      "redux-form": "8.2.3",
      "redux-persist": "5.10.0",
      "redux-thunk": "2.3.0",
      "remote-redux-devtools": "0.5.16",
      "remote-redux-devtools-on-debugger": "^0.8.3"
    }
  }

yarn manifest: 
  No manifest

Lockfile: 
  No lockfile
